\BOOKMARK [1][-]{Doc-Start}{\376\377\000A\000b\000s\000t\000r\000a\000c\000t}{}% 1
\BOOKMARK [1][-]{Doc-Start}{\376\377\000T\000i\000i\000v\000i\000s\000t\000e\000l\000m\000\344}{}% 2
\BOOKMARK [1][-]{Doc-Start}{\376\377\000P\000r\000e\000f\000a\000c\000e}{}% 3
\BOOKMARK [1][-]{section.1}{\376\377\000I\000n\000t\000r\000o\000d\000u\000c\000t\000i\000o\000n}{}% 4
\BOOKMARK [1][-]{section.2}{\376\377\000T\000h\000e\000o\000r\000e\000t\000i\000c\000a\000l\000\040\000b\000a\000c\000k\000g\000r\000o\000u\000n\000d}{}% 5
\BOOKMARK [2][-]{subsection.2.1}{\376\377\000L\000o\000w\000\040\000M\000a\000s\000s\000\040\000X\000-\000r\000a\000y\000\040\000B\000i\000n\000a\000r\000i\000e\000s}{section.2}% 6
\BOOKMARK [3][-]{subsubsection.2.1.1}{\376\377\000N\000u\000c\000l\000e\000a\000r\000\040\000r\000e\000a\000c\000t\000i\000o\000n\000\040\000n\000e\000t\000w\000o\000r\000k}{subsection.2.1}% 7
\BOOKMARK [3][-]{subsubsection.2.1.2}{\376\377\000R\000a\000p\000i\000d\000\040\000P\000r\000o\000t\000o\000n\000\040\000C\000a\000p\000t\000u\000r\000e\000\040\000P\000r\000o\000c\000e\000s\000s}{subsection.2.1}% 8
\BOOKMARK [3][-]{subsubsection.2.1.3}{\376\377\000T\000o\000t\000a\000l\000\040\000R\000e\000a\000c\000t\000i\000o\000n\000\040\000R\000a\000t\000e}{subsection.2.1}% 9
\BOOKMARK [3][-]{subsubsection.2.1.4}{\376\377\000L\000i\000g\000h\000t\000\040\000E\000m\000i\000s\000s\000i\000o\000n\000\040\000C\000u\000r\000v\000e\000s}{subsection.2.1}% 10
\BOOKMARK [2][-]{subsection.2.2}{\376\377\000T\000A\000L\000Y\000S}{section.2}% 11
\BOOKMARK [3][-]{subsubsection.2.2.1}{\376\377\000H\000a\000u\000s\000e\000r\000-\000F\000e\000s\000h\000b\000a\000c\000h\000\040\000s\000t\000a\000t\000i\000s\000t\000i\000c\000a\000l\000\040\000m\000o\000d\000e\000l}{subsection.2.2}% 12
\BOOKMARK [3][-]{subsubsection.2.2.2}{\376\377\000P\000a\000r\000a\000m\000e\000t\000e\000r\000s}{subsection.2.2}% 13
\BOOKMARK [2][-]{subsection.2.3}{\376\377\000W\000i\000n\000n\000e\000t}{section.2}% 14
\BOOKMARK [1][-]{section.3}{\376\377\000M\000e\000t\000h\000o\000d\000s\000\040\000a\000n\000d\000\040\000m\000a\000t\000e\000r\000i\000a\000l\000s}{}% 15
\BOOKMARK [2][-]{subsection.3.1}{\376\377\000N\000u\000c\000l\000e\000a\000r\000\040\000m\000a\000s\000s\000e\000s\000\040\000m\000e\000a\000s\000u\000r\000e\000d\000\040\000a\000t\000\040\000I\000G\000I\000S\000O\000L}{section.3}% 16
\BOOKMARK [2][-]{subsection.3.2}{\376\377\000U\000s\000a\000g\000e\000\040\000o\000f\000\040\000T\000A\000L\000Y\000S}{section.3}% 17
\BOOKMARK [2][-]{subsection.3.3}{\376\377\000U\000s\000a\000g\000e\000\040\000o\000f\000\040\000W\000i\000n\000n\000e\000t}{section.3}% 18
\BOOKMARK [2][-]{subsection.3.4}{\376\377\000S\000i\000m\000u\000l\000a\000t\000i\000o\000n\000\040\000o\000f\000\040\000L\000i\000g\000h\000t\000\040\000C\000u\000r\000v\000e\000s}{section.3}% 19
\BOOKMARK [1][-]{section.4}{\376\377\000R\000e\000s\000u\000l\000t\000s}{}% 20
\BOOKMARK [2][-]{subsection.4.1}{\376\377\000S\000i\000m\000u\000l\000a\000t\000e\000d\000\040\000L\000i\000g\000h\000t\000\040\000C\000u\000r\000v\000e\000s}{section.4}% 21
\BOOKMARK [1][-]{section.5}{\376\377\000C\000o\000n\000c\000l\000u\000s\000i\000o\000n\000s}{}% 22
\BOOKMARK [1][-]{section.5}{\376\377\000R\000e\000f\000e\000r\000e\000n\000c\000e\000s}{}% 23
\BOOKMARK [1][-]{appendix.A}{\376\377\000F\000i\000r\000s\000t\000\040\000a\000p\000p\000e\000n\000d\000i\000x}{}% 24
\BOOKMARK [1][-]{appendix.B}{\376\377\000S\000e\000c\000o\000n\000d\000\040\000a\000p\000p\000e\000n\000d\000i\000x}{}% 25
